This file contains any messages produced by compilers while
running configure, to aid debugging if configure makes a mistake.

It was created by INF2610-LAB3 configure 3.0, which was
generated by GNU Autoconf 2.69.  Invocation command line was

  $ ./configure --no-create --no-recursion

## --------- ##
## Platform. ##
## --------- ##

hostname = ubuntu
uname -m = x86_64
uname -r = 4.13.0-37-generic
uname -s = Linux
uname -v = #42-Ubuntu SMP Wed Mar 7 14:13:23 UTC 2018

/usr/bin/uname -p = unknown
/bin/uname -X     = unknown

/bin/arch              = unknown
/usr/bin/arch -k       = unknown
/usr/convex/getsysinfo = unknown
/usr/bin/hostinfo      = unknown
/bin/machine           = unknown
/usr/bin/oslevel       = unknown
/bin/universe          = unknown

PATH: /usr/local/sbin
PATH: /usr/local/bin
PATH: /usr/sbin
PATH: /usr/bin
PATH: /sbin
PATH: /bin
PATH: /usr/games
PATH: /usr/local/games
PATH: /snap/bin


## ----------- ##
## Core tests. ##
## ----------- ##

configure:2397: checking for a BSD-compatible install
configure:2465: result: /usr/bin/install -c
configure:2476: checking whether build environment is sane
configure:2531: result: yes
configure:2682: checking for a thread-safe mkdir -p
configure:2721: result: /bin/mkdir -p
configure:2728: checking for gawk
configure:2758: result: no
configure:2728: checking for mawk
configure:2744: found /usr/bin/mawk
configure:2755: result: mawk
configure:2766: checking whether make sets $(MAKE)
configure:2788: result: yes
configure:2817: checking whether make supports nested variables
configure:2834: result: yes
configure:2990: checking build system type
configure:3004: result: x86_64-unknown-linux-gnu
configure:3024: checking host system type
configure:3037: result: x86_64-unknown-linux-gnu
configure:3078: checking how to print strings
configure:3105: result: printf
configure:3138: checking for style of include used by make
configure:3166: result: GNU
configure:3237: checking for gcc
configure:3253: found /usr/bin/gcc
configure:3264: result: gcc
configure:3493: checking for C compiler version
configure:3502: gcc --version >&5
gcc (Ubuntu 7.2.0-8ubuntu3.2) 7.2.0
Copyright (C) 2017 Free Software Foundation, Inc.
This is free software; see the source for copying conditions.  There is NO
warranty; not even for MERCHANTABILITY or FITNESS FOR A PARTICULAR PURPOSE.

configure:3513: $? = 0
configure:3502: gcc -v >&5
Using built-in specs.
COLLECT_GCC=gcc
COLLECT_LTO_WRAPPER=/usr/lib/gcc/x86_64-linux-gnu/7/lto-wrapper
OFFLOAD_TARGET_NAMES=nvptx-none
OFFLOAD_TARGET_DEFAULT=1
Target: x86_64-linux-gnu
Configured with: ../src/configure -v --with-pkgversion='Ubuntu 7.2.0-8ubuntu3.2' --with-bugurl=file:///usr/share/doc/gcc-7/README.Bugs --enable-languages=c,ada,c++,go,brig,d,fortran,objc,obj-c++ --prefix=/usr --with-gcc-major-version-only --program-suffix=-7 --program-prefix=x86_64-linux-gnu- --enable-shared --enable-linker-build-id --libexecdir=/usr/lib --without-included-gettext --enable-threads=posix --libdir=/usr/lib --enable-nls --with-sysroot=/ --enable-clocale=gnu --enable-libstdcxx-debug --enable-libstdcxx-time=yes --with-default-libstdcxx-abi=new --enable-gnu-unique-object --disable-vtable-verify --enable-libmpx --enable-plugin --enable-default-pie --with-system-zlib --with-target-system-zlib --enable-objc-gc=auto --enable-multiarch --disable-werror --with-arch-32=i686 --with-abi=m64 --with-multilib-list=m32,m64,mx32 --enable-multilib --with-tune=generic --enable-offload-targets=nvptx-none --without-cuda-driver --enable-checking=release --build=x86_64-linux-gnu --host=x86_64-linux-gnu --target=x86_64-linux-gnu
Thread model: posix
gcc version 7.2.0 (Ubuntu 7.2.0-8ubuntu3.2) 
configure:3513: $? = 0
configure:3502: gcc -V >&5
gcc: error: unrecognized command line option '-V'
gcc: fatal error: no input files
compilation terminated.
configure:3513: $? = 1
configure:3502: gcc -qversion >&5
gcc: error: unrecognized command line option '-qversion'; did you mean '--version'?
gcc: fatal error: no input files
compilation terminated.
configure:3513: $? = 1
configure:3533: checking whether the C compiler works
configure:3555: gcc    conftest.c  >&5
configure:3559: $? = 0
configure:3607: result: yes
configure:3610: checking for C compiler default output file name
configure:3612: result: a.out
configure:3618: checking for suffix of executables
configure:3625: gcc -o conftest    conftest.c  >&5
configure:3629: $? = 0
configure:3651: result: 
configure:3673: checking whether we are cross compiling
configure:3681: gcc -o conftest    conftest.c  >&5
configure:3685: $? = 0
configure:3692: ./conftest
configure:3696: $? = 0
configure:3711: result: no
configure:3716: checking for suffix of object files
configure:3738: gcc -c   conftest.c >&5
configure:3742: $? = 0
configure:3763: result: o
configure:3767: checking whether we are using the GNU C compiler
configure:3786: gcc -c   conftest.c >&5
configure:3786: $? = 0
configure:3795: result: yes
configure:3804: checking whether gcc accepts -g
configure:3824: gcc -c -g  conftest.c >&5
configure:3824: $? = 0
configure:3865: result: yes
configure:3882: checking for gcc option to accept ISO C89
configure:3945: gcc  -c -g -O2  conftest.c >&5
configure:3945: $? = 0
configure:3958: result: none needed
configure:3983: checking whether gcc understands -c and -o together
configure:4005: gcc -c conftest.c -o conftest2.o
configure:4008: $? = 0
configure:4005: gcc -c conftest.c -o conftest2.o
configure:4008: $? = 0
configure:4020: result: yes
configure:4039: checking dependency style of gcc
configure:4150: result: gcc3
configure:4165: checking for a sed that does not truncate output
configure:4229: result: /bin/sed
configure:4247: checking for grep that handles long lines and -e
configure:4305: result: /bin/grep
configure:4310: checking for egrep
configure:4372: result: /bin/grep -E
configure:4377: checking for fgrep
configure:4439: result: /bin/grep -F
configure:4474: checking for ld used by gcc
configure:4541: result: /usr/bin/ld
configure:4548: checking if the linker (/usr/bin/ld) is GNU ld
configure:4563: result: yes
configure:4575: checking for BSD- or MS-compatible name lister (nm)
configure:4624: result: /usr/bin/nm -B
configure:4754: checking the name lister (/usr/bin/nm -B) interface
configure:4761: gcc -c -g -O2  conftest.c >&5
configure:4764: /usr/bin/nm -B "conftest.o"
configure:4767: output
0000000000000000 B some_variable
configure:4774: result: BSD nm
configure:4777: checking whether ln -s works
configure:4781: result: yes
configure:4789: checking the maximum length of command line arguments
configure:4920: result: 1572864
configure:4937: checking whether the shell understands some XSI constructs
configure:4947: result: yes
configure:4951: checking whether the shell understands "+="
configure:4957: result: yes
configure:4992: checking how to convert x86_64-unknown-linux-gnu file names to x86_64-unknown-linux-gnu format
configure:5032: result: func_convert_file_noop
configure:5039: checking how to convert x86_64-unknown-linux-gnu file names to toolchain format
configure:5059: result: func_convert_file_noop
configure:5066: checking for /usr/bin/ld option to reload object files
configure:5073: result: -r
configure:5147: checking for objdump
configure:5163: found /usr/bin/objdump
configure:5174: result: objdump
configure:5206: checking how to recognize dependent libraries
configure:5404: result: pass_all
configure:5489: checking for dlltool
configure:5519: result: no
configure:5549: checking how to associate runtime and link libraries
configure:5576: result: printf %s\n
configure:5637: checking for ar
configure:5653: found /usr/bin/ar
configure:5664: result: ar
configure:5701: checking for archiver @FILE support
configure:5718: gcc -c -g -O2  conftest.c >&5
configure:5718: $? = 0
configure:5721: ar cru libconftest.a @conftest.lst >&5
ar: `u' modifier ignored since `D' is the default (see `U')
configure:5724: $? = 0
configure:5729: ar cru libconftest.a @conftest.lst >&5
ar: `u' modifier ignored since `D' is the default (see `U')
ar: conftest.o: No such file or directory
configure:5732: $? = 1
configure:5744: result: @
configure:5802: checking for strip
configure:5818: found /usr/bin/strip
configure:5829: result: strip
configure:5901: checking for ranlib
configure:5917: found /usr/bin/ranlib
configure:5928: result: ranlib
configure:6030: checking command to parse /usr/bin/nm -B output from gcc object
configure:6150: gcc -c -g -O2  conftest.c >&5
configure:6153: $? = 0
configure:6157: /usr/bin/nm -B conftest.o \| sed -n -e 's/^.*[ ]\([ABCDGIRSTW][ABCDGIRSTW]*\)[ ][ ]*\([_A-Za-z][_A-Za-z0-9]*\)$/\1 \2 \2/p' | sed '/ __gnu_lto/d' \> conftest.nm
configure:6160: $? = 0
configure:6226: gcc -o conftest -g -O2   conftest.c conftstm.o >&5
configure:6229: $? = 0
configure:6267: result: ok
configure:6304: checking for sysroot
configure:6334: result: no
configure:6411: gcc -c -g -O2  conftest.c >&5
configure:6414: $? = 0
configure:6603: checking for mt
configure:6619: found /bin/mt
configure:6630: result: mt
configure:6653: checking if mt is a manifest tool
configure:6659: mt '-?'
configure:6667: result: no
configure:7309: checking how to run the C preprocessor
configure:7340: gcc -E  conftest.c
configure:7340: $? = 0
configure:7354: gcc -E  conftest.c
conftest.c:11:10: fatal error: ac_nonexistent.h: No such file or directory
 #include <ac_nonexistent.h>
          ^~~~~~~~~~~~~~~~~~
compilation terminated.
configure:7354: $? = 1
configure: failed program was:
| /* confdefs.h */
| #define PACKAGE_NAME "INF2610-LAB3"
| #define PACKAGE_TARNAME "inf2610-lab3"
| #define PACKAGE_VERSION "3.0"
| #define PACKAGE_STRING "INF2610-LAB3 3.0"
| #define PACKAGE_BUGREPORT ""
| #define PACKAGE_URL ""
| #define PACKAGE "inf2610-lab3"
| #define VERSION "3.0"
| /* end confdefs.h.  */
| #include <ac_nonexistent.h>
configure:7379: result: gcc -E
configure:7399: gcc -E  conftest.c
configure:7399: $? = 0
configure:7413: gcc -E  conftest.c
conftest.c:11:10: fatal error: ac_nonexistent.h: No such file or directory
 #include <ac_nonexistent.h>
          ^~~~~~~~~~~~~~~~~~
compilation terminated.
configure:7413: $? = 1
configure: failed program was:
| /* confdefs.h */
| #define PACKAGE_NAME "INF2610-LAB3"
| #define PACKAGE_TARNAME "inf2610-lab3"
| #define PACKAGE_VERSION "3.0"
| #define PACKAGE_STRING "INF2610-LAB3 3.0"
| #define PACKAGE_BUGREPORT ""
| #define PACKAGE_URL ""
| #define PACKAGE "inf2610-lab3"
| #define VERSION "3.0"
| /* end confdefs.h.  */
| #include <ac_nonexistent.h>
configure:7442: checking for ANSI C header files
configure:7462: gcc -c -g -O2  conftest.c >&5
configure:7462: $? = 0
configure:7535: gcc -o conftest -g -O2   conftest.c  >&5
configure:7535: $? = 0
configure:7535: ./conftest
configure:7535: $? = 0
configure:7546: result: yes
configure:7559: checking for sys/types.h
configure:7559: gcc -c -g -O2  conftest.c >&5
configure:7559: $? = 0
configure:7559: result: yes
configure:7559: checking for sys/stat.h
configure:7559: gcc -c -g -O2  conftest.c >&5
configure:7559: $? = 0
configure:7559: result: yes
configure:7559: checking for stdlib.h
configure:7559: gcc -c -g -O2  conftest.c >&5
configure:7559: $? = 0
configure:7559: result: yes
configure:7559: checking for string.h
configure:7559: gcc -c -g -O2  conftest.c >&5
configure:7559: $? = 0
configure:7559: result: yes
configure:7559: checking for memory.h
configure:7559: gcc -c -g -O2  conftest.c >&5
configure:7559: $? = 0
configure:7559: result: yes
configure:7559: checking for strings.h
configure:7559: gcc -c -g -O2  conftest.c >&5
configure:7559: $? = 0
configure:7559: result: yes
configure:7559: checking for inttypes.h
configure:7559: gcc -c -g -O2  conftest.c >&5
configure:7559: $? = 0
configure:7559: result: yes
configure:7559: checking for stdint.h
configure:7559: gcc -c -g -O2  conftest.c >&5
configure:7559: $? = 0
configure:7559: result: yes
configure:7559: checking for unistd.h
configure:7559: gcc -c -g -O2  conftest.c >&5
configure:7559: $? = 0
configure:7559: result: yes
configure:7573: checking for dlfcn.h
configure:7573: gcc -c -g -O2  conftest.c >&5
configure:7573: $? = 0
configure:7573: result: yes
configure:7779: checking for objdir
configure:7794: result: .libs
configure:8065: checking if gcc supports -fno-rtti -fno-exceptions
configure:8083: gcc -c -g -O2  -fno-rtti -fno-exceptions conftest.c >&5
cc1: warning: command line option '-fno-rtti' is valid for C++/ObjC++ but not for C
configure:8087: $? = 0
configure:8100: result: no
configure:8427: checking for gcc option to produce PIC
configure:8434: result: -fPIC -DPIC
configure:8442: checking if gcc PIC flag -fPIC -DPIC works
configure:8460: gcc -c -g -O2  -fPIC -DPIC -DPIC conftest.c >&5
configure:8464: $? = 0
configure:8477: result: yes
configure:8506: checking if gcc static flag -static works
configure:8534: result: yes
configure:8549: checking if gcc supports -c -o file.o
configure:8570: gcc -c -g -O2  -o out/conftest2.o conftest.c >&5
configure:8574: $? = 0
configure:8596: result: yes
configure:8604: checking if gcc supports -c -o file.o
configure:8651: result: yes
configure:8684: checking whether the gcc linker (/usr/bin/ld -m elf_x86_64) supports shared libraries
configure:9841: result: yes
configure:9878: checking whether -lc should be explicitly linked in
configure:9886: gcc -c -g -O2  conftest.c >&5
configure:9889: $? = 0
configure:9904: gcc -shared  -fPIC -DPIC conftest.o  -v -Wl,-soname -Wl,conftest -o conftest 2\>\&1 \| /bin/grep  -lc  \>/dev/null 2\>\&1
configure:9907: $? = 0
configure:9921: result: no
configure:10081: checking dynamic linker characteristics
configure:10581: gcc -o conftest -g -O2   -Wl,-rpath -Wl,/foo conftest.c  >&5
configure:10581: $? = 0
configure:10815: result: GNU/Linux ld.so
configure:10922: checking how to hardcode library paths into programs
configure:10947: result: immediate
configure:11487: checking whether stripping libraries is possible
configure:11492: result: yes
configure:11527: checking if libtool supports shared libraries
configure:11529: result: yes
configure:11532: checking whether to build shared libraries
configure:11553: result: yes
configure:11556: checking whether to build static libraries
configure:11560: result: yes
configure:11601: checking for sys/types.h
configure:11601: result: yes
configure:11601: checking for unistd.h
configure:11601: result: yes
configure:11601: checking fcntl.h usability
configure:11601: gcc -c -g -O2  conftest.c >&5
configure:11601: $? = 0
configure:11601: result: yes
configure:11601: checking fcntl.h presence
configure:11601: gcc -E  conftest.c
configure:11601: $? = 0
configure:11601: result: yes
configure:11601: checking for fcntl.h
configure:11601: result: yes
configure:11601: checking for strings.h
configure:11601: result: yes
configure:11601: checking pthread.h usability
configure:11601: gcc -c -g -O2  conftest.c >&5
configure:11601: $? = 0
configure:11601: result: yes
configure:11601: checking pthread.h presence
configure:11601: gcc -E  conftest.c
configure:11601: $? = 0
configure:11601: result: yes
configure:11601: checking for pthread.h
configure:11601: result: yes
configure:11601: checking time.h usability
configure:11601: gcc -c -g -O2  conftest.c >&5
configure:11601: $? = 0
configure:11601: result: yes
configure:11601: checking time.h presence
configure:11601: gcc -E  conftest.c
configure:11601: $? = 0
configure:11601: result: yes
configure:11601: checking for time.h
configure:11601: result: yes
configure:11601: checking errno.h usability
configure:11601: gcc -c -g -O2  conftest.c >&5
configure:11601: $? = 0
configure:11601: result: yes
configure:11601: checking errno.h presence
configure:11601: gcc -E  conftest.c
configure:11601: $? = 0
configure:11601: result: yes
configure:11601: checking for errno.h
configure:11601: result: yes
configure:11601: checking stdarg.h usability
configure:11601: gcc -c -g -O2  conftest.c >&5
configure:11601: $? = 0
configure:11601: result: yes
configure:11601: checking stdarg.h presence
configure:11601: gcc -E  conftest.c
configure:11601: $? = 0
configure:11601: result: yes
configure:11601: checking for stdarg.h
configure:11601: result: yes
configure:11601: checking limits.h usability
configure:11601: gcc -c -g -O2  conftest.c >&5
configure:11601: $? = 0
configure:11601: result: yes
configure:11601: checking limits.h presence
configure:11601: gcc -E  conftest.c
configure:11601: $? = 0
configure:11601: result: yes
configure:11601: checking for limits.h
configure:11601: result: yes
configure:11601: checking signal.h usability
configure:11601: gcc -c -g -O2  conftest.c >&5
configure:11601: $? = 0
configure:11601: result: yes
configure:11601: checking signal.h presence
configure:11601: gcc -E  conftest.c
configure:11601: $? = 0
configure:11601: result: yes
configure:11601: checking for signal.h
configure:11601: result: yes
configure:11601: checking for stdlib.h
configure:11601: result: yes
configure:11614: checking for inttypes.h
configure:11614: result: yes
configure:11614: checking math.h usability
configure:11614: gcc -c -g -O2  conftest.c >&5
configure:11614: $? = 0
configure:11614: result: yes
configure:11614: checking math.h presence
configure:11614: gcc -E  conftest.c
configure:11614: $? = 0
configure:11614: result: yes
configure:11614: checking for math.h
configure:11614: result: yes
configure:11624: checking for pthread_create in -lpthread
configure:11649: gcc -o conftest -g -O2   conftest.c -lpthread   >&5
configure:11649: $? = 0
configure:11658: result: yes
configure:11672: checking whether to enable debug mode
configure:11691: result: no
configure:11711: checking whether make supports nested variables
configure:11728: result: yes
configure:11790: checking for gcc
configure:11817: result: gcc
configure:12046: checking for C compiler version
configure:12055: gcc --version >&5
gcc (Ubuntu 7.2.0-8ubuntu3.2) 7.2.0
Copyright (C) 2017 Free Software Foundation, Inc.
This is free software; see the source for copying conditions.  There is NO
warranty; not even for MERCHANTABILITY or FITNESS FOR A PARTICULAR PURPOSE.

configure:12066: $? = 0
configure:12055: gcc -v >&5
Using built-in specs.
COLLECT_GCC=gcc
COLLECT_LTO_WRAPPER=/usr/lib/gcc/x86_64-linux-gnu/7/lto-wrapper
OFFLOAD_TARGET_NAMES=nvptx-none
OFFLOAD_TARGET_DEFAULT=1
Target: x86_64-linux-gnu
Configured with: ../src/configure -v --with-pkgversion='Ubuntu 7.2.0-8ubuntu3.2' --with-bugurl=file:///usr/share/doc/gcc-7/README.Bugs --enable-languages=c,ada,c++,go,brig,d,fortran,objc,obj-c++ --prefix=/usr --with-gcc-major-version-only --program-suffix=-7 --program-prefix=x86_64-linux-gnu- --enable-shared --enable-linker-build-id --libexecdir=/usr/lib --without-included-gettext --enable-threads=posix --libdir=/usr/lib --enable-nls --with-sysroot=/ --enable-clocale=gnu --enable-libstdcxx-debug --enable-libstdcxx-time=yes --with-default-libstdcxx-abi=new --enable-gnu-unique-object --disable-vtable-verify --enable-libmpx --enable-plugin --enable-default-pie --with-system-zlib --with-target-system-zlib --enable-objc-gc=auto --enable-multiarch --disable-werror --with-arch-32=i686 --with-abi=m64 --with-multilib-list=m32,m64,mx32 --enable-multilib --with-tune=generic --enable-offload-targets=nvptx-none --without-cuda-driver --enable-checking=release --build=x86_64-linux-gnu --host=x86_64-linux-gnu --target=x86_64-linux-gnu
Thread model: posix
gcc version 7.2.0 (Ubuntu 7.2.0-8ubuntu3.2) 
configure:12066: $? = 0
configure:12055: gcc -V >&5
gcc: error: unrecognized command line option '-V'
gcc: fatal error: no input files
compilation terminated.
configure:12066: $? = 1
configure:12055: gcc -qversion >&5
gcc: error: unrecognized command line option '-qversion'; did you mean '--version'?
gcc: fatal error: no input files
compilation terminated.
configure:12066: $? = 1
configure:12070: checking whether we are using the GNU C compiler
configure:12098: result: yes
configure:12107: checking whether gcc accepts -g
configure:12168: result: yes
configure:12185: checking for gcc option to accept ISO C89
configure:12261: result: none needed
configure:12286: checking whether gcc understands -c and -o together
configure:12323: result: yes
configure:12342: checking dependency style of gcc
configure:12453: result: gcc3
configure:12526: checking for g++
configure:12542: found /usr/bin/g++
configure:12553: result: g++
configure:12580: checking for C++ compiler version
configure:12589: g++ --version >&5
g++ (Ubuntu 7.2.0-8ubuntu3.2) 7.2.0
Copyright (C) 2017 Free Software Foundation, Inc.
This is free software; see the source for copying conditions.  There is NO
warranty; not even for MERCHANTABILITY or FITNESS FOR A PARTICULAR PURPOSE.

configure:12600: $? = 0
configure:12589: g++ -v >&5
Using built-in specs.
COLLECT_GCC=g++
COLLECT_LTO_WRAPPER=/usr/lib/gcc/x86_64-linux-gnu/7/lto-wrapper
OFFLOAD_TARGET_NAMES=nvptx-none
OFFLOAD_TARGET_DEFAULT=1
Target: x86_64-linux-gnu
Configured with: ../src/configure -v --with-pkgversion='Ubuntu 7.2.0-8ubuntu3.2' --with-bugurl=file:///usr/share/doc/gcc-7/README.Bugs --enable-languages=c,ada,c++,go,brig,d,fortran,objc,obj-c++ --prefix=/usr --with-gcc-major-version-only --program-suffix=-7 --program-prefix=x86_64-linux-gnu- --enable-shared --enable-linker-build-id --libexecdir=/usr/lib --without-included-gettext --enable-threads=posix --libdir=/usr/lib --enable-nls --with-sysroot=/ --enable-clocale=gnu --enable-libstdcxx-debug --enable-libstdcxx-time=yes --with-default-libstdcxx-abi=new --enable-gnu-unique-object --disable-vtable-verify --enable-libmpx --enable-plugin --enable-default-pie --with-system-zlib --with-target-system-zlib --enable-objc-gc=auto --enable-multiarch --disable-werror --with-arch-32=i686 --with-abi=m64 --with-multilib-list=m32,m64,mx32 --enable-multilib --with-tune=generic --enable-offload-targets=nvptx-none --without-cuda-driver --enable-checking=release --build=x86_64-linux-gnu --host=x86_64-linux-gnu --target=x86_64-linux-gnu
Thread model: posix
gcc version 7.2.0 (Ubuntu 7.2.0-8ubuntu3.2) 
configure:12600: $? = 0
configure:12589: g++ -V >&5
g++: error: unrecognized command line option '-V'
g++: fatal error: no input files
compilation terminated.
configure:12600: $? = 1
configure:12589: g++ -qversion >&5
g++: error: unrecognized command line option '-qversion'; did you mean '--version'?
g++: fatal error: no input files
compilation terminated.
configure:12600: $? = 1
configure:12604: checking whether we are using the GNU C++ compiler
configure:12623: g++ -c -Wall -O3 -fomit-frame-pointer -std=c++0x  conftest.cpp >&5
configure:12623: $? = 0
configure:12632: result: yes
configure:12641: checking whether g++ accepts -g
configure:12661: g++ -c -g  conftest.cpp >&5
configure:12661: $? = 0
configure:12702: result: yes
configure:12727: checking dependency style of g++
configure:12838: result: gcc3
configure:12871: checking how to run the C++ preprocessor
configure:12898: g++ -E  conftest.cpp
configure:12898: $? = 0
configure:12912: g++ -E  conftest.cpp
conftest.cpp:37:10: fatal error: ac_nonexistent.h: No such file or directory
 #include <ac_nonexistent.h>
          ^~~~~~~~~~~~~~~~~~
compilation terminated.
configure:12912: $? = 1
configure: failed program was:
| /* confdefs.h */
| #define PACKAGE_NAME "INF2610-LAB3"
| #define PACKAGE_TARNAME "inf2610-lab3"
| #define PACKAGE_VERSION "3.0"
| #define PACKAGE_STRING "INF2610-LAB3 3.0"
| #define PACKAGE_BUGREPORT ""
| #define PACKAGE_URL ""
| #define PACKAGE "inf2610-lab3"
| #define VERSION "3.0"
| #define STDC_HEADERS 1
| #define HAVE_SYS_TYPES_H 1
| #define HAVE_SYS_STAT_H 1
| #define HAVE_STDLIB_H 1
| #define HAVE_STRING_H 1
| #define HAVE_MEMORY_H 1
| #define HAVE_STRINGS_H 1
| #define HAVE_INTTYPES_H 1
| #define HAVE_STDINT_H 1
| #define HAVE_UNISTD_H 1
| #define HAVE_DLFCN_H 1
| #define LT_OBJDIR ".libs/"
| #define HAVE_SYS_TYPES_H 1
| #define HAVE_UNISTD_H 1
| #define HAVE_FCNTL_H 1
| #define HAVE_STRINGS_H 1
| #define HAVE_PTHREAD_H 1
| #define HAVE_TIME_H 1
| #define HAVE_ERRNO_H 1
| #define HAVE_STDARG_H 1
| #define HAVE_LIMITS_H 1
| #define HAVE_SIGNAL_H 1
| #define HAVE_STDLIB_H 1
| #define HAVE_INTTYPES_H 1
| #define HAVE_MATH_H 1
| #define HAVE_LIBPTHREAD 1
| /* end confdefs.h.  */
| #include <ac_nonexistent.h>
configure:12937: result: g++ -E
configure:12957: g++ -E  conftest.cpp
configure:12957: $? = 0
configure:12971: g++ -E  conftest.cpp
conftest.cpp:37:10: fatal error: ac_nonexistent.h: No such file or directory
 #include <ac_nonexistent.h>
          ^~~~~~~~~~~~~~~~~~
compilation terminated.
configure:12971: $? = 1
configure: failed program was:
| /* confdefs.h */
| #define PACKAGE_NAME "INF2610-LAB3"
| #define PACKAGE_TARNAME "inf2610-lab3"
| #define PACKAGE_VERSION "3.0"
| #define PACKAGE_STRING "INF2610-LAB3 3.0"
| #define PACKAGE_BUGREPORT ""
| #define PACKAGE_URL ""
| #define PACKAGE "inf2610-lab3"
| #define VERSION "3.0"
| #define STDC_HEADERS 1
| #define HAVE_SYS_TYPES_H 1
| #define HAVE_SYS_STAT_H 1
| #define HAVE_STDLIB_H 1
| #define HAVE_STRING_H 1
| #define HAVE_MEMORY_H 1
| #define HAVE_STRINGS_H 1
| #define HAVE_INTTYPES_H 1
| #define HAVE_STDINT_H 1
| #define HAVE_UNISTD_H 1
| #define HAVE_DLFCN_H 1
| #define LT_OBJDIR ".libs/"
| #define HAVE_SYS_TYPES_H 1
| #define HAVE_UNISTD_H 1
| #define HAVE_FCNTL_H 1
| #define HAVE_STRINGS_H 1
| #define HAVE_PTHREAD_H 1
| #define HAVE_TIME_H 1
| #define HAVE_ERRNO_H 1
| #define HAVE_STDARG_H 1
| #define HAVE_LIMITS_H 1
| #define HAVE_SIGNAL_H 1
| #define HAVE_STDLIB_H 1
| #define HAVE_INTTYPES_H 1
| #define HAVE_MATH_H 1
| #define HAVE_LIBPTHREAD 1
| /* end confdefs.h.  */
| #include <ac_nonexistent.h>
configure:13140: checking for ld used by g++
configure:13207: result: /usr/bin/ld -m elf_x86_64
configure:13214: checking if the linker (/usr/bin/ld -m elf_x86_64) is GNU ld
configure:13229: result: yes
configure:13284: checking whether the g++ linker (/usr/bin/ld -m elf_x86_64) supports shared libraries
configure:14286: result: yes
configure:14322: g++ -c -Wall -O3 -fomit-frame-pointer -std=c++0x  conftest.cpp >&5
configure:14325: $? = 0
configure:14845: checking for g++ option to produce PIC
configure:14852: result: -fPIC -DPIC
configure:14860: checking if g++ PIC flag -fPIC -DPIC works
configure:14878: g++ -c -Wall -O3 -fomit-frame-pointer -std=c++0x  -fPIC -DPIC -DPIC conftest.cpp >&5
configure:14882: $? = 0
configure:14895: result: yes
configure:14918: checking if g++ static flag -static works
configure:14946: result: yes
configure:14958: checking if g++ supports -c -o file.o
configure:14979: g++ -c -Wall -O3 -fomit-frame-pointer -std=c++0x  -o out/conftest2.o conftest.cpp >&5
configure:14983: $? = 0
configure:15005: result: yes
configure:15010: checking if g++ supports -c -o file.o
configure:15057: result: yes
configure:15087: checking whether the g++ linker (/usr/bin/ld -m elf_x86_64) supports shared libraries
configure:15126: result: yes
configure:15267: checking dynamic linker characteristics
configure:15935: result: GNU/Linux ld.so
configure:15988: checking how to hardcode library paths into programs
configure:16013: result: immediate
configure:16097: checking for ranlib
configure:16124: result: ranlib
configure:16256: checking that generated files are newer than configure
configure:16262: result: done
configure:16293: creating ./config.status

## ---------------- ##
## Cache variables. ##
## ---------------- ##

ac_cv_build=x86_64-unknown-linux-gnu
ac_cv_c_compiler_gnu=yes
ac_cv_cxx_compiler_gnu=yes
ac_cv_env_CCC_set=
ac_cv_env_CCC_value=
ac_cv_env_CC_set=
ac_cv_env_CC_value=
ac_cv_env_CFLAGS_set=
ac_cv_env_CFLAGS_value=
ac_cv_env_CPPFLAGS_set=
ac_cv_env_CPPFLAGS_value=
ac_cv_env_CPP_set=
ac_cv_env_CPP_value=
ac_cv_env_CXXCPP_set=
ac_cv_env_CXXCPP_value=
ac_cv_env_CXXFLAGS_set=
ac_cv_env_CXXFLAGS_value=
ac_cv_env_CXX_set=
ac_cv_env_CXX_value=
ac_cv_env_LDFLAGS_set=
ac_cv_env_LDFLAGS_value=
ac_cv_env_LIBS_set=
ac_cv_env_LIBS_value=
ac_cv_env_build_alias_set=
ac_cv_env_build_alias_value=
ac_cv_env_host_alias_set=
ac_cv_env_host_alias_value=
ac_cv_env_target_alias_set=
ac_cv_env_target_alias_value=
ac_cv_header_dlfcn_h=yes
ac_cv_header_errno_h=yes
ac_cv_header_fcntl_h=yes
ac_cv_header_inttypes_h=yes
ac_cv_header_limits_h=yes
ac_cv_header_math_h=yes
ac_cv_header_memory_h=yes
ac_cv_header_pthread_h=yes
ac_cv_header_signal_h=yes
ac_cv_header_stdarg_h=yes
ac_cv_header_stdc=yes
ac_cv_header_stdint_h=yes
ac_cv_header_stdlib_h=yes
ac_cv_header_string_h=yes
ac_cv_header_strings_h=yes
ac_cv_header_sys_stat_h=yes
ac_cv_header_sys_types_h=yes
ac_cv_header_time_h=yes
ac_cv_header_unistd_h=yes
ac_cv_host=x86_64-unknown-linux-gnu
ac_cv_lib_pthread_pthread_create=yes
ac_cv_objext=o
ac_cv_path_EGREP='/bin/grep -E'
ac_cv_path_FGREP='/bin/grep -F'
ac_cv_path_GREP=/bin/grep
ac_cv_path_SED=/bin/sed
ac_cv_path_install='/usr/bin/install -c'
ac_cv_path_mkdir=/bin/mkdir
ac_cv_prog_AWK=mawk
ac_cv_prog_CPP='gcc -E'
ac_cv_prog_CXXCPP='g++ -E'
ac_cv_prog_ac_ct_AR=ar
ac_cv_prog_ac_ct_CC=gcc
ac_cv_prog_ac_ct_CXX=g++
ac_cv_prog_ac_ct_MANIFEST_TOOL=mt
ac_cv_prog_ac_ct_OBJDUMP=objdump
ac_cv_prog_ac_ct_RANLIB=ranlib
ac_cv_prog_ac_ct_STRIP=strip
ac_cv_prog_cc_c89=
ac_cv_prog_cc_g=yes
ac_cv_prog_cxx_g=yes
ac_cv_prog_make_make_set=yes
am_cv_CC_dependencies_compiler_type=gcc3
am_cv_CXX_dependencies_compiler_type=gcc3
am_cv_make_support_nested_variables=yes
am_cv_prog_cc_c_o=yes
lt_cv_ar_at_file=@
lt_cv_archive_cmds_need_lc=no
lt_cv_deplibs_check_method=pass_all
lt_cv_file_magic_cmd='$MAGIC_CMD'
lt_cv_file_magic_test_file=
lt_cv_ld_reload_flag=-r
lt_cv_nm_interface='BSD nm'
lt_cv_objdir=.libs
lt_cv_path_LD=/usr/bin/ld
lt_cv_path_LDCXX='/usr/bin/ld -m elf_x86_64'
lt_cv_path_NM='/usr/bin/nm -B'
lt_cv_path_mainfest_tool=no
lt_cv_prog_compiler_c_o=yes
lt_cv_prog_compiler_c_o_CXX=yes
lt_cv_prog_compiler_pic='-fPIC -DPIC'
lt_cv_prog_compiler_pic_CXX='-fPIC -DPIC'
lt_cv_prog_compiler_pic_works=yes
lt_cv_prog_compiler_pic_works_CXX=yes
lt_cv_prog_compiler_rtti_exceptions=no
lt_cv_prog_compiler_static_works=yes
lt_cv_prog_compiler_static_works_CXX=yes
lt_cv_prog_gnu_ld=yes
lt_cv_prog_gnu_ldcxx=yes
lt_cv_sharedlib_from_linklib_cmd='printf %s\n'
lt_cv_shlibpath_overrides_runpath=yes
lt_cv_sys_global_symbol_pipe='sed -n -e '\''s/^.*[	 ]\([ABCDGIRSTW][ABCDGIRSTW]*\)[	 ][	 ]*\([_A-Za-z][_A-Za-z0-9]*\)$/\1 \2 \2/p'\'' | sed '\''/ __gnu_lto/d'\'''
lt_cv_sys_global_symbol_to_c_name_address='sed -n -e '\''s/^: \([^ ]*\)[ ]*$/  {\"\1\", (void *) 0},/p'\'' -e '\''s/^[ABCDGIRSTW]* \([^ ]*\) \([^ ]*\)$/  {"\2", (void *) \&\2},/p'\'''
lt_cv_sys_global_symbol_to_c_name_address_lib_prefix='sed -n -e '\''s/^: \([^ ]*\)[ ]*$/  {\"\1\", (void *) 0},/p'\'' -e '\''s/^[ABCDGIRSTW]* \([^ ]*\) \(lib[^ ]*\)$/  {"\2", (void *) \&\2},/p'\'' -e '\''s/^[ABCDGIRSTW]* \([^ ]*\) \([^ ]*\)$/  {"lib\2", (void *) \&\2},/p'\'''
lt_cv_sys_global_symbol_to_cdecl='sed -n -e '\''s/^T .* \(.*\)$/extern int \1();/p'\'' -e '\''s/^[ABCDGIRSTW]* .* \(.*\)$/extern char \1;/p'\'''
lt_cv_sys_max_cmd_len=1572864
lt_cv_to_host_file_cmd=func_convert_file_noop
lt_cv_to_tool_file_cmd=func_convert_file_noop

## ----------------- ##
## Output variables. ##
## ----------------- ##

ACLOCAL='${SHELL} /home/loic/poly/inf2610/inf2610-lab3-3.0/missing aclocal-1.15'
AMDEPBACKSLASH='\'
AMDEP_FALSE='#'
AMDEP_TRUE=''
AMTAR='$${TAR-tar}'
AM_BACKSLASH='\'
AM_DEFAULT_V='$(AM_DEFAULT_VERBOSITY)'
AM_DEFAULT_VERBOSITY='0'
AM_V='$(V)'
AR='ar'
AUTOCONF='${SHELL} /home/loic/poly/inf2610/inf2610-lab3-3.0/missing autoconf'
AUTOHEADER='${SHELL} /home/loic/poly/inf2610/inf2610-lab3-3.0/missing autoheader'
AUTOMAKE='${SHELL} /home/loic/poly/inf2610/inf2610-lab3-3.0/missing automake-1.15'
AWK='mawk'
CC='gcc'
CCDEPMODE='depmode=gcc3'
CFLAGS=''
CPP='gcc -E'
CPPFLAGS=''
CXX='g++'
CXXCPP='g++ -E'
CXXDEPMODE='depmode=gcc3'
CXXFLAGS='-Wall -O3 -fomit-frame-pointer -std=c++0x'
CYGPATH_W='echo'
DEFS='-DHAVE_CONFIG_H'
DEPDIR='.deps'
DLLTOOL='false'
DSYMUTIL=''
DUMPBIN=''
ECHO_C=''
ECHO_N='-n'
ECHO_T=''
EGREP='/bin/grep -E'
EXEEXT=''
FGREP='/bin/grep -F'
GREP='/bin/grep'
INSTALL_DATA='${INSTALL} -m 644'
INSTALL_PROGRAM='${INSTALL}'
INSTALL_SCRIPT='${INSTALL}'
INSTALL_STRIP_PROGRAM='$(install_sh) -c -s'
LD='/usr/bin/ld -m elf_x86_64'
LDFLAGS=''
LIBOBJS=''
LIBS='-lpthread '
LIBTOOL='$(SHELL) $(top_builddir)/libtool'
LIPO=''
LN_S='ln -s'
LTLIBOBJS=''
MAKEINFO='${SHELL} /home/loic/poly/inf2610/inf2610-lab3-3.0/missing makeinfo'
MANIFEST_TOOL=':'
MKDIR_P='/bin/mkdir -p'
NM='/usr/bin/nm -B'
NMEDIT=''
OBJDUMP='objdump'
OBJEXT='o'
OTOOL64=''
OTOOL=''
PACKAGE='inf2610-lab3'
PACKAGE_BUGREPORT=''
PACKAGE_NAME='INF2610-LAB3'
PACKAGE_STRING='INF2610-LAB3 3.0'
PACKAGE_TARNAME='inf2610-lab3'
PACKAGE_URL=''
PACKAGE_VERSION='3.0'
PATH_SEPARATOR=':'
RANLIB='ranlib'
SED='/bin/sed'
SET_MAKE=''
SHELL='/bin/bash'
STRIP='strip'
VERSION='3.0'
ac_ct_AR='ar'
ac_ct_CC='gcc'
ac_ct_CXX='g++'
ac_ct_DUMPBIN=''
am__EXEEXT_FALSE=''
am__EXEEXT_TRUE='#'
am__fastdepCC_FALSE='#'
am__fastdepCC_TRUE=''
am__fastdepCXX_FALSE='#'
am__fastdepCXX_TRUE=''
am__include='include'
am__isrc=''
am__leading_dot='.'
am__nodep='_no'
am__quote=''
am__tar='$${TAR-tar} chof - "$$tardir"'
am__untar='$${TAR-tar} xf -'
bindir='${exec_prefix}/bin'
build='x86_64-unknown-linux-gnu'
build_alias=''
build_cpu='x86_64'
build_os='linux-gnu'
build_vendor='unknown'
datadir='${datarootdir}'
datarootdir='${prefix}/share'
docdir='${datarootdir}/doc/${PACKAGE_TARNAME}'
dvidir='${docdir}'
exec_prefix='${prefix}'
host='x86_64-unknown-linux-gnu'
host_alias=''
host_cpu='x86_64'
host_os='linux-gnu'
host_vendor='unknown'
htmldir='${docdir}'
includedir='${prefix}/include'
infodir='${datarootdir}/info'
install_sh='${SHELL} /home/loic/poly/inf2610/inf2610-lab3-3.0/install-sh'
libdir='${exec_prefix}/lib'
libexecdir='${exec_prefix}/libexec'
localedir='${datarootdir}/locale'
localstatedir='${prefix}/var'
mandir='${datarootdir}/man'
mkdir_p='$(MKDIR_P)'
oldincludedir='/usr/include'
pdfdir='${docdir}'
prefix='/usr/local'
program_transform_name='s,x,x,'
psdir='${docdir}'
runstatedir='${localstatedir}/run'
sbindir='${exec_prefix}/sbin'
sharedstatedir='${prefix}/com'
sysconfdir='${prefix}/etc'
target_alias=''

## ----------- ##
## confdefs.h. ##
## ----------- ##

/* confdefs.h */
#define PACKAGE_NAME "INF2610-LAB3"
#define PACKAGE_TARNAME "inf2610-lab3"
#define PACKAGE_VERSION "3.0"
#define PACKAGE_STRING "INF2610-LAB3 3.0"
#define PACKAGE_BUGREPORT ""
#define PACKAGE_URL ""
#define PACKAGE "inf2610-lab3"
#define VERSION "3.0"
#define STDC_HEADERS 1
#define HAVE_SYS_TYPES_H 1
#define HAVE_SYS_STAT_H 1
#define HAVE_STDLIB_H 1
#define HAVE_STRING_H 1
#define HAVE_MEMORY_H 1
#define HAVE_STRINGS_H 1
#define HAVE_INTTYPES_H 1
#define HAVE_STDINT_H 1
#define HAVE_UNISTD_H 1
#define HAVE_DLFCN_H 1
#define LT_OBJDIR ".libs/"
#define HAVE_SYS_TYPES_H 1
#define HAVE_UNISTD_H 1
#define HAVE_FCNTL_H 1
#define HAVE_STRINGS_H 1
#define HAVE_PTHREAD_H 1
#define HAVE_TIME_H 1
#define HAVE_ERRNO_H 1
#define HAVE_STDARG_H 1
#define HAVE_LIMITS_H 1
#define HAVE_SIGNAL_H 1
#define HAVE_STDLIB_H 1
#define HAVE_INTTYPES_H 1
#define HAVE_MATH_H 1
#define HAVE_LIBPTHREAD 1

configure: exit 0

## ---------------------- ##
## Running config.status. ##
## ---------------------- ##

This file was extended by INF2610-LAB3 config.status 3.0, which was
generated by GNU Autoconf 2.69.  Invocation command line was

  CONFIG_FILES    = 
  CONFIG_HEADERS  = 
  CONFIG_LINKS    = 
  CONFIG_COMMANDS = 
  $ ./config.status 

on ubuntu

config.status:1162: creating Makefile
config.status:1162: creating pagedump/Makefile
config.status:1162: creating maps/Makefile
config.status:1162: creating randaddr/Makefile
config.status:1162: creating bugs/Makefile
config.status:1162: creating config.h
config.status:1343: config.h is unchanged
config.status:1391: executing depfiles commands
config.status:1391: executing libtool commands

## ---------------------- ##
## Running config.status. ##
## ---------------------- ##

This file was extended by INF2610-LAB3 config.status 3.0, which was
generated by GNU Autoconf 2.69.  Invocation command line was

  CONFIG_FILES    = 
  CONFIG_HEADERS  = 
  CONFIG_LINKS    = 
  CONFIG_COMMANDS = 
  $ ./config.status config.h

on ubuntu

config.status:1162: creating config.h
config.status:1343: config.h is unchanged
